{"level":"info","message":"Hello from Aquisitions","service":"acquisitions-api"}
{"level":"info","message":"::1 - - [22/Sep/2025:11:29:28 +0000] \"GET / HTTP/1.1\" 304 - \"-\" \"Mozilla/5.0 (Windows NT 10.0; Win64; x64) AppleWebKit/537.36 (KHTML, like Gecko) Chrome/140.0.0.0 Safari/537.36 Edg/140.0.0.0\"","service":"acquisitions-api"}
{"level":"info","message":"Hello from Aquisitions","service":"acquisitions-api"}
{"level":"info","message":"::1 - - [22/Sep/2025:16:52:51 +0000] \"GET / HTTP/1.1\" 304 - \"-\" \"Mozilla/5.0 (Windows NT 10.0; Win64; x64) AppleWebKit/537.36 (KHTML, like Gecko) Chrome/140.0.0.0 Safari/537.36 Edg/140.0.0.0\"","service":"acquisitions-api"}
{"level":"info","message":"::1 - - [22/Sep/2025:16:53:01 +0000] \"GET /health HTTP/1.1\" 200 74 \"-\" \"Mozilla/5.0 (Windows NT 10.0; Win64; x64) AppleWebKit/537.36 (KHTML, like Gecko) Chrome/140.0.0.0 Safari/537.36 Edg/140.0.0.0\"","service":"acquisitions-api"}
{"level":"info","message":"::1 - - [22/Sep/2025:17:41:53 +0000] \"POST / HTTP/1.1\" 404 140 \"-\" \"PostmanRuntime/7.46.0\"","service":"acquisitions-api"}
{"level":"info","message":"Hello from Aquisitions","service":"acquisitions-api"}
{"level":"info","message":"::1 - - [22/Sep/2025:17:41:57 +0000] \"GET / HTTP/1.1\" 200 23 \"-\" \"PostmanRuntime/7.46.0\"","service":"acquisitions-api"}
{"level":"info","message":"::1 - - [22/Sep/2025:17:42:52 +0000] \"POST /api/auth/sign-in HTTP/1.1\" 200 31 \"-\" \"PostmanRuntime/7.46.0\"","service":"acquisitions-api"}
{"level":"info","message":"::1 - - [22/Sep/2025:17:43:05 +0000] \"POST /api/auth/sign-out HTTP/1.1\" 200 32 \"-\" \"PostmanRuntime/7.46.0\"","service":"acquisitions-api"}
{"level":"info","message":"::1 - - [22/Sep/2025:17:43:12 +0000] \"POST /api/auth/sign-up HTTP/1.1\" 200 31 \"-\" \"PostmanRuntime/7.46.0\"","service":"acquisitions-api"}
{"level":"info","message":"::1 - - [22/Sep/2025:17:50:25 +0000] \"POST /api/ HTTP/1.1\" 404 144 \"-\" \"PostmanRuntime/7.46.0\"","service":"acquisitions-api"}
{"level":"info","message":"::1 - - [22/Sep/2025:17:50:36 +0000] \"GET /api/ HTTP/1.1\" 200 41 \"-\" \"PostmanRuntime/7.46.0\"","service":"acquisitions-api"}
{"level":"info","message":"Hello from Aquisitions","service":"acquisitions-api"}
{"level":"info","message":"::1 - - [22/Sep/2025:17:50:45 +0000] \"GET / HTTP/1.1\" 200 23 \"-\" \"PostmanRuntime/7.46.0\"","service":"acquisitions-api"}
{"level":"info","message":"Hello from Aquisitions","service":"acquisitions-api"}
{"level":"info","message":"::1 - - [22/Sep/2025:17:51:13 +0000] \"GET / HTTP/1.1\" 200 23 \"-\" \"HTTPie\"","service":"acquisitions-api"}
{"level":"info","message":"::1 - - [22/Sep/2025:17:51:20 +0000] \"GET /api HTTP/1.1\" 200 41 \"-\" \"HTTPie\"","service":"acquisitions-api"}
{"level":"info","message":"::1 - - [22/Sep/2025:17:55:01 +0000] \"GET /health HTTP/1.1\" 200 76 \"-\" \"HTTPie\"","service":"acquisitions-api"}
{"level":"info","message":"::1 - - [22/Sep/2025:17:57:55 +0000] \"GET /health HTTP/1.1\" 200 75 \"-\" \"HTTPie\"","service":"acquisitions-api"}
{"level":"info","message":"::1 - - [22/Sep/2025:19:55:21 +0000] \"GET /api/auth/sign-up HTTP/1.1\" 404 155 \"-\" \"HTTPie\"","service":"acquisitions-api"}
{"level":"info","message":"::1 - - [22/Sep/2025:19:56:25 +0000] \"GET /api/auth/sign-up HTTP/1.1\" 404 155 \"-\" \"HTTPie\"","service":"acquisitions-api"}
{"level":"info","message":"Hello from Aquisitions","service":"acquisitions-api"}
{"level":"info","message":"::1 - - [22/Sep/2025:20:49:11 +0000] \"GET / HTTP/1.1\" 304 - \"-\" \"Mozilla/5.0 (Windows NT 10.0; Win64; x64) AppleWebKit/537.36 (KHTML, like Gecko) Chrome/140.0.0.0 Safari/537.36 Edg/140.0.0.0\"","service":"acquisitions-api"}
{"level":"info","message":"::1 - - [22/Sep/2025:20:49:19 +0000] \"GET /api/auth/sign-up HTTP/1.1\" 404 155 \"-\" \"HTTPie\"","service":"acquisitions-api"}
{"level":"info","message":"::1 - - [22/Sep/2025:20:50:02 +0000] \"POST /api/auth/sign-up HTTP/1.1\" 400 92 \"-\" \"HTTPie\"","service":"acquisitions-api"}
{"level":"info","message":"::1 - - [22/Sep/2025:20:54:38 +0000] \"POST / HTTP/1.1\" 404 140 \"-\" \"HTTPie\"","service":"acquisitions-api"}
{"level":"info","message":"::1 - - [22/Sep/2025:20:54:40 +0000] \"POST / HTTP/1.1\" 404 140 \"-\" \"HTTPie\"","service":"acquisitions-api"}
{"level":"info","message":"Hello from Aquisitions","service":"acquisitions-api"}
{"level":"info","message":"::1 - - [22/Sep/2025:20:54:55 +0000] \"GET / HTTP/1.1\" 200 23 \"-\" \"PostmanRuntime/7.47.1\"","service":"acquisitions-api"}
{"level":"info","message":"::1 - - [22/Sep/2025:20:55:12 +0000] \"POST /api/auth/sign-up HTTP/1.1\" 400 196 \"-\" \"PostmanRuntime/7.47.1\"","service":"acquisitions-api"}
{"level":"info","message":"::1 - - [22/Sep/2025:20:56:34 +0000] \"POST /api/auth/sign-up HTTP/1.1\" 400 92 \"-\" \"PostmanRuntime/7.47.1\"","service":"acquisitions-api"}
{"level":"info","message":"::1 - - [22/Sep/2025:20:57:03 +0000] \"POST /api/auth/sign-up HTTP/1.1\" 400 92 \"-\" \"PostmanRuntime/7.47.1\"","service":"acquisitions-api"}
{"level":"info","message":"::1 - - [22/Sep/2025:20:57:40 +0000] \"POST /api/auth/sign-up HTTP/1.1\" 400 89 \"-\" \"PostmanRuntime/7.47.1\"","service":"acquisitions-api"}
{"level":"info","message":"::1 - - [22/Sep/2025:21:07:40 +0000] \"POST / HTTP/1.1\" 404 140 \"-\" \"HTTPie\"","service":"acquisitions-api"}
{"level":"info","message":"::1 - - [22/Sep/2025:21:08:12 +0000] \"POST /api/auth/signup HTTP/1.1\" 404 155 \"-\" \"HTTPie\"","service":"acquisitions-api"}
{"level":"info","message":"Hello from Aquisitions","service":"acquisitions-api"}
{"level":"info","message":"::1 - - [22/Sep/2025:21:08:25 +0000] \"GET / HTTP/1.1\" 200 23 \"-\" \"HTTPie\"","service":"acquisitions-api"}
{"level":"error","message":"Signup error user is not defined","service":"acquisitions-api","stack":"ReferenceError: user is not defined\n    at signup (file:///C:/HandsOn/NOW/js-mastery/acquisitions/src/controllers/auth.controller.js:24:11)\n    at Layer.handleRequest (C:\\HandsOn\\NOW\\js-mastery\\acquisitions\\node_modules\\router\\lib\\layer.js:152:17)\n    at next (C:\\HandsOn\\NOW\\js-mastery\\acquisitions\\node_modules\\router\\lib\\route.js:157:13)\n    at Route.dispatch (C:\\HandsOn\\NOW\\js-mastery\\acquisitions\\node_modules\\router\\lib\\route.js:117:3)\n    at handle (C:\\HandsOn\\NOW\\js-mastery\\acquisitions\\node_modules\\router\\index.js:435:11)\n    at Layer.handleRequest (C:\\HandsOn\\NOW\\js-mastery\\acquisitions\\node_modules\\router\\lib\\layer.js:152:17)\n    at C:\\HandsOn\\NOW\\js-mastery\\acquisitions\\node_modules\\router\\index.js:295:15\n    at processParams (C:\\HandsOn\\NOW\\js-mastery\\acquisitions\\node_modules\\router\\index.js:582:12)\n    at next (C:\\HandsOn\\NOW\\js-mastery\\acquisitions\\node_modules\\router\\index.js:291:5)\n    at Function.handle (C:\\HandsOn\\NOW\\js-mastery\\acquisitions\\node_modules\\router\\index.js:186:3)"}
{"level":"info","message":"::1 - - [22/Sep/2025:21:08:57 +0000] \"POST /api/auth/sign-up HTTP/1.1\" 500 1265 \"-\" \"HTTPie\"","service":"acquisitions-api"}
{"level":"info","message":"::1 - - [22/Sep/2025:21:09:10 +0000] \"POST /api/auth/sign-up HTTP/1.1\" 400 92 \"-\" \"HTTPie\"","service":"acquisitions-api"}
{"level":"error","message":"Signup error user is not defined","service":"acquisitions-api","stack":"ReferenceError: user is not defined\n    at signup (file:///C:/HandsOn/NOW/js-mastery/acquisitions/src/controllers/auth.controller.js:24:11)\n    at Layer.handleRequest (C:\\HandsOn\\NOW\\js-mastery\\acquisitions\\node_modules\\router\\lib\\layer.js:152:17)\n    at next (C:\\HandsOn\\NOW\\js-mastery\\acquisitions\\node_modules\\router\\lib\\route.js:157:13)\n    at Route.dispatch (C:\\HandsOn\\NOW\\js-mastery\\acquisitions\\node_modules\\router\\lib\\route.js:117:3)\n    at handle (C:\\HandsOn\\NOW\\js-mastery\\acquisitions\\node_modules\\router\\index.js:435:11)\n    at Layer.handleRequest (C:\\HandsOn\\NOW\\js-mastery\\acquisitions\\node_modules\\router\\lib\\layer.js:152:17)\n    at C:\\HandsOn\\NOW\\js-mastery\\acquisitions\\node_modules\\router\\index.js:295:15\n    at processParams (C:\\HandsOn\\NOW\\js-mastery\\acquisitions\\node_modules\\router\\index.js:582:12)\n    at next (C:\\HandsOn\\NOW\\js-mastery\\acquisitions\\node_modules\\router\\index.js:291:5)\n    at Function.handle (C:\\HandsOn\\NOW\\js-mastery\\acquisitions\\node_modules\\router\\index.js:186:3)"}
{"level":"info","message":"::1 - - [22/Sep/2025:21:09:18 +0000] \"POST /api/auth/sign-up HTTP/1.1\" 500 1265 \"-\" \"HTTPie\"","service":"acquisitions-api"}
{"level":"info","message":"User registered successfully: samy@gmail.com","service":"acquisitions-api"}
{"level":"info","message":"::1 - - [22/Sep/2025:21:44:05 +0000] \"POST /api/auth/sign-up HTTP/1.1\" 201 98 \"-\" \"HTTPie\"","service":"acquisitions-api"}
{"level":"info","message":"::1 - - [22/Sep/2025:21:44:46 +0000] \"POST /api/auth/sign-up HTTP/1.1\" 400 92 \"-\" \"HTTPie\"","service":"acquisitions-api"}
{"level":"info","message":"User registered successfully: samy@gmail.com","service":"acquisitions-api"}
{"level":"info","message":"::1 - - [22/Sep/2025:21:44:50 +0000] \"POST /api/auth/sign-up HTTP/1.1\" 201 98 \"-\" \"HTTPie\"","service":"acquisitions-api"}
{"level":"info","message":"::1 - - [22/Sep/2025:21:45:04 +0000] \"POST /api/auth/sign-up HTTP/1.1\" 400 89 \"-\" \"PostmanRuntime/7.47.1\"","service":"acquisitions-api"}
{"level":"info","message":"::1 - - [22/Sep/2025:21:45:15 +0000] \"POST /api/auth/sign-up HTTP/1.1\" 400 92 \"-\" \"PostmanRuntime/7.47.1\"","service":"acquisitions-api"}
{"level":"info","message":"::1 - - [22/Sep/2025:21:45:40 +0000] \"POST /api/auth/sign-up HTTP/1.1\" 400 89 \"-\" \"PostmanRuntime/7.47.1\"","service":"acquisitions-api"}
{"level":"info","message":"::1 - - [22/Sep/2025:22:27:44 +0000] \"POST /api/auth/sign-up HTTP/1.1\" 400 89 \"-\" \"PostmanRuntime/7.47.1\"","service":"acquisitions-api"}
{"level":"error","message":"Signup error password is not defined","service":"acquisitions-api","stack":"ReferenceError: password is not defined\n    at signup (file:///C:/HandsOn/NOW/js-mastery/acquisitions/src/controllers/auth.controller.js:21:50)\n    at Layer.handleRequest (C:\\HandsOn\\NOW\\js-mastery\\acquisitions\\node_modules\\router\\lib\\layer.js:152:17)\n    at next (C:\\HandsOn\\NOW\\js-mastery\\acquisitions\\node_modules\\router\\lib\\route.js:157:13)\n    at Route.dispatch (C:\\HandsOn\\NOW\\js-mastery\\acquisitions\\node_modules\\router\\lib\\route.js:117:3)\n    at handle (C:\\HandsOn\\NOW\\js-mastery\\acquisitions\\node_modules\\router\\index.js:435:11)\n    at Layer.handleRequest (C:\\HandsOn\\NOW\\js-mastery\\acquisitions\\node_modules\\router\\lib\\layer.js:152:17)\n    at C:\\HandsOn\\NOW\\js-mastery\\acquisitions\\node_modules\\router\\index.js:295:15\n    at processParams (C:\\HandsOn\\NOW\\js-mastery\\acquisitions\\node_modules\\router\\index.js:582:12)\n    at next (C:\\HandsOn\\NOW\\js-mastery\\acquisitions\\node_modules\\router\\index.js:291:5)\n    at Function.handle (C:\\HandsOn\\NOW\\js-mastery\\acquisitions\\node_modules\\router\\index.js:186:3)"}
{"level":"info","message":"::1 - - [22/Sep/2025:22:28:00 +0000] \"POST /api/auth/sign-up HTTP/1.1\" 500 1269 \"-\" \"PostmanRuntime/7.47.1\"","service":"acquisitions-api"}
{"level":"info","message":"Hello from Aquisitions","service":"acquisitions-api"}
{"level":"info","message":"::1 - - [22/Sep/2025:22:29:54 +0000] \"GET / HTTP/1.1\" 304 - \"-\" \"Mozilla/5.0 (Windows NT 10.0; Win64; x64) AppleWebKit/537.36 (KHTML, like Gecko) Chrome/140.0.0.0 Safari/537.36 Edg/140.0.0.0\"","service":"acquisitions-api"}
{"level":"error","message":"Signup error password is not defined","service":"acquisitions-api","stack":"ReferenceError: password is not defined\n    at signup (file:///C:/HandsOn/NOW/js-mastery/acquisitions/src/controllers/auth.controller.js:21:50)\n    at Layer.handleRequest (C:\\HandsOn\\NOW\\js-mastery\\acquisitions\\node_modules\\router\\lib\\layer.js:152:17)\n    at next (C:\\HandsOn\\NOW\\js-mastery\\acquisitions\\node_modules\\router\\lib\\route.js:157:13)\n    at Route.dispatch (C:\\HandsOn\\NOW\\js-mastery\\acquisitions\\node_modules\\router\\lib\\route.js:117:3)\n    at handle (C:\\HandsOn\\NOW\\js-mastery\\acquisitions\\node_modules\\router\\index.js:435:11)\n    at Layer.handleRequest (C:\\HandsOn\\NOW\\js-mastery\\acquisitions\\node_modules\\router\\lib\\layer.js:152:17)\n    at C:\\HandsOn\\NOW\\js-mastery\\acquisitions\\node_modules\\router\\index.js:295:15\n    at processParams (C:\\HandsOn\\NOW\\js-mastery\\acquisitions\\node_modules\\router\\index.js:582:12)\n    at next (C:\\HandsOn\\NOW\\js-mastery\\acquisitions\\node_modules\\router\\index.js:291:5)\n    at Function.handle (C:\\HandsOn\\NOW\\js-mastery\\acquisitions\\node_modules\\router\\index.js:186:3)"}
{"level":"info","message":"::1 - - [22/Sep/2025:22:30:01 +0000] \"POST /api/auth/sign-up HTTP/1.1\" 500 1269 \"-\" \"HTTPie\"","service":"acquisitions-api"}
{"level":"info","message":"User admin@gmail.com created successfully","service":"acquisitions-api"}
{"level":"info","message":"User registered successfully: admin@gmail.com","service":"acquisitions-api"}
{"level":"info","message":"::1 - - [22/Sep/2025:22:30:48 +0000] \"POST /api/auth/sign-up HTTP/1.1\" 201 86 \"-\" \"HTTPie\"","service":"acquisitions-api"}
{"level":"error","message":"Error creating the user: Error: User with this email already exists","service":"acquisitions-api"}
{"level":"error","message":"Signup error User with this email already exists","service":"acquisitions-api","stack":"Error: User with this email already exists\n    at createUser (file:///C:/HandsOn/NOW/js-mastery/acquisitions/src/services/auth.service.js:25:13)\n    at process.processTicksAndRejections (node:internal/process/task_queues:95:5)\n    at async signup (file:///C:/HandsOn/NOW/js-mastery/acquisitions/src/controllers/auth.controller.js:21:18)"}
{"level":"info","message":"::1 - - [23/Sep/2025:00:25:47 +0000] \"POST /api/auth/sign-up HTTP/1.1\" 409 31 \"-\" \"HTTPie\"","service":"acquisitions-api"}
{"level":"info","message":"User admin1@gmail.com created successfully","service":"acquisitions-api"}
{"level":"info","message":"User registered successfully: admin1@gmail.com","service":"acquisitions-api"}
{"level":"info","message":"::1 - - [23/Sep/2025:00:25:56 +0000] \"POST /api/auth/sign-up HTTP/1.1\" 201 87 \"-\" \"HTTPie\"","service":"acquisitions-api"}
